07825940402 -> 07859651251 0938GMT 20190101
07825940402 <- 07629986333 1003GMT 20190101
07825940402 <- 07849203593 1033GMT 20190101
07825940402 -> 07849203593 1113GMT 20190101
07825940402 <- 07849203593 1555GMT 20190101
07825940402 <- 07859651251 1626GMT 20190101
07825940402 -> 07824920650 1810GMT 20190101
07825940402 <- 07859651251 0629GMT 20190102
07825940402 -> 07849203593 0708GMT 20190102
07825940402 <- 07649524464 0742GMT 20190102
07825940402 -> 07849203593 0757GMT 20190102
07825940402 -> 07859651251 1155GMT 20190102
07825940402 <- 07629986333 1158GMT 20190102
07825940402 -> 07824920650 1259GMT 20190102
07825940402 -> 07859651251 1352GMT 20190102
07825940402 -> 07849203593 1519GMT 20190102
07825940402 -> 07859651251 1604GMT 20190102
07825940402 <- 07825989689 1712GMT 20190102
07825940402 <- 07859651251 1948GMT 20190102
07825940402 -> 07649524464 2003GMT 20190102
07825940402 <- 07649524464 2109GMT 20190102
07825940402 -> 07849203593 0731GMT 20190103
07825940402 -> 07629986333 0958GMT 20190103
07825940402 <- 07859651251 1302GMT 20190103
07825940402 <- 07649524464 1333GMT 20190103
07825940402 <- 07824920650 1342GMT 20190103
07825940402 <- 07629986333 1354GMT 20190103
07825940402 <- 07859651251 1357GMT 20190103
07825940402 -> 07649524464 1629GMT 20190103
07825940402 <- 07849203593 1640GMT 20190103
07825940402 -> 07859651251 1730GMT 20190103
07825940402 -> 07824920650 1803GMT 20190103
07825940402 <- 07824920650 1900GMT 20190103
07825940402 -> 07849203593 2028GMT 20190103
07825940402 <- 07824920650 0629GMT 20190104
07825940402 <- 07859651251 0855GMT 20190104
07825940402 <- 07859651251 1128GMT 20190104
07825940402 -> 07649524464 1149GMT 20190104
07825940402 <- 07629986333 1150GMT 20190104
07825940402 <- 07649524464 1202GMT 20190104
07825940402 <- 07649524464 1512GMT 20190104
07825940402 -> 07849203593 1704GMT 20190104
07825940402 <- 07859651251 1900GMT 20190104
07825940402 -> 07629986333 2142GMT 20190104
07825940402 -> 07629986333 2158GMT 20190104
07825940402 <- 07849203593 0727GMT 20190105
07825940402 -> 07849203593 0844GMT 20190105
07825940402 <- 07515242452 0933GMT 20190105
07825940402 <- 07824920650 1219GMT 20190105
07825940402 <- 07824920650 1309GMT 20190105
07825940402 -> 07849203593 1328GMT 20190105
07825940402 -> 07859651251 1845GMT 20190105
07825940402 -> 07849203593 2015GMT 20190105
07825940402 -> 07824920650 0608GMT 20190106
07825940402 <- 07825989689 0631GMT 20190106
07825940402 <- 07859651251 0810GMT 20190106
07825940402 -> 07824920650 0923GMT 20190106
07825940402 -> 07629986333 1039GMT 20190106
07825940402 -> 07859651251 1105GMT 20190106
07825940402 <- 07629986333 1218GMT 20190106
07825940402 -> 07649524464 1542GMT 20190106
07825940402 -> 07824920650 1736GMT 20190106
07825940402 <- 07849203593 2018GMT 20190106
07825940402 <- 07824920650 2047GMT 20190106
07825940402 <- 07649524464 0606GMT 20190107
07825940402 <- 07824920650 0626GMT 20190107
07825940402 -> 07849203593 0918GMT 20190107
07825940402 -> 07859651251 1027GMT 20190107
07825940402 <- 07859651251 1335GMT 20190107
07825940402 -> 07629986333 1849GMT 20190107
07825940402 -> 07849203593 1943GMT 20190107
07825940402 -> 07824920650 0900GMT 20190108
07825940402 <- 07825989689 0911GMT 20190108
07825940402 <- 07849203593 0911GMT 20190108
07825940402 <- 07649524464 1347GMT 20190108
07825940402 <- 07824920650 1545GMT 20190108
07825940402 <- 07515242452 1608GMT 20190108
07825940402 <- 07849203593 1640GMT 20190108
07825940402 <- 07859651251 1803GMT 20190108
07825940402 <- 07649524464 1908GMT 20190108
07825940402 <- 07629986333 1945GMT 20190108
07825940402 <- 07849203593 2043GMT 20190108
07825940402 <- 07859651251 0620GMT 20190109
07825940402 <- 07824920650 0637GMT 20190109
07825940402 <- 07859651251 1009GMT 20190109
07825940402 -> 07649524464 1213GMT 20190109
07825940402 <- 07649524464 1409GMT 20190109
07825940402 <- 07824920650 1911GMT 20190109
07825940402 -> 07629986333 1930GMT 20190109
07825940402 -> 07629986333 2105GMT 20190109
07825940402 -> 07824920650 0049GMT 20190110
07825940402 -> 07859651251 0630GMT 20190110
07825940402 -> 07859651251 0655GMT 20190110
07825940402 <- 07859651251 0824GMT 20190110
07825940402 <- 07649524464 0824GMT 20190110
07825940402 <- 07649524464 0903GMT 20190110
07825940402 -> 07824920650 1300GMT 20190110
07825940402 -> 07629986333 1419GMT 20190110
07825940402 -> 07649524464 1646GMT 20190110
07825940402 <- 07849203593 1655GMT 20190110
07825940402 <- 07824920650 1901GMT 20190110
07825940402 <- 07649524464 1915GMT 20190110
07825940402 -> 07849203593 1918GMT 20190110
07825940402 -> 07849203593 2202GMT 20190110
07825940402 -> 07649524464 0710GMT 20190111
07825940402 <- 07824920650 0803GMT 20190111
07825940402 <- 07629986333 1706GMT 20190111
07825940402 -> 07824920650 1737GMT 20190111
07825940402 <- 07629986333 1852GMT 20190111
07825940402 <- 07849203593 2059GMT 20190111
07825940402 <- 07649524464 0621GMT 20190112
07825940402 <- 07649524464 1021GMT 20190112
07825940402 <- 07629986333 1525GMT 20190112
07825940402 <- 07824920650 1528GMT 20190112
07825940402 <- 07824920650 1654GMT 20190112
07825940402 -> 07859651251 1658GMT 20190112
07825940402 -> 07649524464 1727GMT 20190112
07825940402 -> 07629986333 1831GMT 20190112
07825940402 -> 07824920650 1908GMT 20190112
07825940402 <- 07649524464 0620GMT 20190113
07825940402 -> 07629986333 0630GMT 20190113
07825940402 -> 07629986333 0653GMT 20190113
07825940402 -> 07824920650 0710GMT 20190113
07825940402 <- 07824920650 0728GMT 20190113
07825940402 -> 07849203593 0730GMT 20190113
07825940402 -> 07735573099 1019GMT 20190113
07825940402 <- 07859651251 1138GMT 20190113
07825940402 <- 07824920650 1159GMT 20190113
07825940402 <- 07849203593 1217GMT 20190113
07825940402 <- 07735573099 1240GMT 20190113
07825940402 -> 07849203593 1411GMT 20190113
07825940402 <- 07629986333 1528GMT 20190113
07825940402 -> 07849203593 1537GMT 20190113
07825940402 <- 07824920650 2137GMT 20190113
07825940402 <- 07859651251 0601GMT 20190114
07825940402 <- 07825989689 0603GMT 20190114
07825940402 <- 07859651251 0617GMT 20190114
07825940402 -> 07859651251 1204GMT 20190114
07825940402 <- 07629986333 1212GMT 20190114
07825940402 <- 07649524464 1429GMT 20190114
07825940402 <- 07629986333 1622GMT 20190114
07825940402 -> 07629986333 1641GMT 20190114
07825940402 -> 07849203593 1730GMT 20190114
07825940402 -> 07859651251 1803GMT 20190114
07825940402 <- 07824920650 1841GMT 20190114
07825940402 -> 07649524464 2103GMT 20190114
07825940402 -> 07849203593 0027GMT 20190115
07825940402 <- 07859651251 1002GMT 20190115
07825940402 -> 07649524464 1224GMT 20190115
07825940402 <- 07649524464 1251GMT 20190115
07825940402 -> 07629986333 1521GMT 20190115
07825940402 <- 07629986333 1649GMT 20190115
07825940402 -> 07649524464 1837GMT 20190115
07825940402 <- 07649524464 1840GMT 20190115
07825940402 -> 07629986333 2043GMT 20190115
07825940402 -> 07859651251 2046GMT 20190115
07825940402 <- 07824920650 2047GMT 20190115
07825940402 -> 07629986333 2147GMT 20190115
07825940402 <- 07649524464 0115GMT 20190116
07825940402 -> 07649524464 0841GMT 20190116
07825940402 <- 07629986333 1002GMT 20190116
07825940402 -> 07515242452 1126GMT 20190116
07825940402 -> 07649524464 1150GMT 20190116
07825940402 -> 07859651251 1427GMT 20190116
07825940402 <- 07378288426 1444GMT 20190116
07825940402 <- 07515242452 1538GMT 20190116
07825940402 -> 07859651251 1713GMT 20190116
07825940402 -> 07649524464 1735GMT 20190116
07825940402 <- 07849203593 2012GMT 20190116
07825940402 -> 07649524464 0642GMT 20190117
07825940402 -> 07849203593 1037GMT 20190117
07825940402 -> 07649524464 1235GMT 20190117
07825940402 -> 07859651251 1241GMT 20190117
07825940402 <- 07649524464 1451GMT 20190117
07825940402 <- 07629986333 1739GMT 20190117
07825940402 -> 07859651251 0905GMT 20190118
07825940402 -> 07859651251 1026GMT 20190118
07825940402 <- 07824920650 1029GMT 20190118
07825940402 -> 07859651251 1221GMT 20190118
07825940402 -> 07649524464 1252GMT 20190118
07825940402 <- 07824920650 1258GMT 20190118
07825940402 <- 07629986333 1304GMT 20190118
07825940402 <- 07859651251 1342GMT 20190118
07825940402 -> 07629986333 1645GMT 20190118
07825940402 <- 07859651251 1703GMT 20190118
07825940402 -> 07859651251 1836GMT 20190118
07825940402 <- 07649524464 1837GMT 20190118
07825940402 -> 07629986333 2145GMT 20190118
07825940402 -> 07824920650 2304GMT 20190118
07825940402 <- 07629986333 0333GMT 20190119
07825940402 -> 07849203593 0801GMT 20190119
07825940402 <- 07629986333 0820GMT 20190119
07825940402 -> 07649524464 1022GMT 20190119
07825940402 -> 07852078379 1832GMT 20190119
07825940402 -> 07849203593 1943GMT 20190119
07825940402 <- 07824920650 1954GMT 20190119
07825940402 <- 07890409814 2051GMT 20190119
07825940402 <- 07859651251 2149GMT 20190119
07825940402 -> 07735573099 0603GMT 20190120
07825940402 <- 07824920650 0618GMT 20190120
07825940402 -> 07515242452 0633GMT 20190120
07825940402 -> 07649524464 0829GMT 20190120
07825940402 <- 07849203593 0933GMT 20190120
07825940402 -> 07649524464 0950GMT 20190120
07825940402 -> 07849203593 1021GMT 20190120
07825940402 -> 07824920650 1042GMT 20190120
07825940402 -> 07849203593 1415GMT 20190120
07825940402 <- 07849203593 1727GMT 20190120
07825940402 -> 07824920650 2159GMT 20190120
07825940402 <- 07852078379 2159GMT 20190120
07825940402 -> 07629986333 0107GMT 20190121
07825940402 -> 07824920650 0735GMT 20190121
07825940402 <- 07849203593 0743GMT 20190121
07825940402 -> 07849203593 0802GMT 20190121
07825940402 -> 07649524464 1028GMT 20190121
07825940402 -> 07859651251 1053GMT 20190121
07825940402 -> 07629986333 1117GMT 20190121
07825940402 -> 07824920650 1157GMT 20190121
07825940402 <- 07859651251 1714GMT 20190121
07825940402 -> 07849203593 1715GMT 20190121
07825940402 <- 07849203593 1728GMT 20190121
07825940402 -> 07824920650 1910GMT 20190121
07825940402 <- 07824920650 2120GMT 20190121
07825940402 -> 07649524464 0900GMT 20190122
07825940402 <- 07824920650 0937GMT 20190122
07825940402 <- 07735573099 1025GMT 20190122
07825940402 <- 07735573099 1213GMT 20190122
07825940402 <- 07649524464 1248GMT 20190122
07825940402 -> 07849203593 1457GMT 20190122
07825940402 <- 07859651251 1515GMT 20190122
07825940402 -> 07629986333 1925GMT 20190122
07825940402 -> 07649524464 2139GMT 20190122
07825940402 <- 07825989689 2312GMT 20190122
07825940402 <- 07629986333 0646GMT 20190123
07825940402 <- 07859651251 0743GMT 20190123
07825940402 <- 07629986333 0811GMT 20190123
07825940402 -> 07649524464 0845GMT 20190123
07825940402 <- 07859651251 0859GMT 20190123
07825940402 <- 07735573099 0928GMT 20190123
07825940402 -> 07849203593 0931GMT 20190123
07825940402 <- 07824920650 1029GMT 20190123
07825940402 <- 07649524464 1413GMT 20190123
07825940402 <- 07649524464 1446GMT 20190123
07825940402 <- 07849203593 1530GMT 20190123
07825940402 -> 07859651251 1803GMT 20190123
07825940402 <- 07849203593 2120GMT 20190123
07825940402 <- 07824920650 2136GMT 20190123
07825940402 -> 07629986333 2144GMT 20190123
07825940402 <- 07629986333 0818GMT 20190124
07825940402 -> 07824920650 0853GMT 20190124
07825940402 -> 07649524464 1126GMT 20190124
07825940402 <- 07629986333 1145GMT 20190124
07825940402 <- 07629986333 1435GMT 20190124
07825940402 <- 07649524464 1623GMT 20190124
07825940402 -> 07629986333 1716GMT 20190124
07825940402 <- 07824920650 1952GMT 20190124
07825940402 -> 07824920650 0608GMT 20190125
07825940402 <- 07649524464 0731GMT 20190125
07825940402 -> 07859651251 0851GMT 20190125
07825940402 <- 07824920650 0918GMT 20190125
07825940402 -> 07649524464 0944GMT 20190125
07825940402 <- 07515242452 1039GMT 20190125
07825940402 <- 07859651251 1344GMT 20190125
07825940402 -> 07849203593 1509GMT 20190125
07825940402 -> 07824920650 1801GMT 20190125
07825940402 <- 07824920650 1948GMT 20190125
07825940402 -> 07859651251 1957GMT 20190125
07825940402 <- 07849203593 2146GMT 20190125
07825940402 -> 07824920650 0453GMT 20190126
07825940402 -> 07852078379 0615GMT 20190126
07825940402 -> 07849203593 0703GMT 20190126
07825940402 -> 07859651251 0919GMT 20190126
07825940402 -> 07629986333 1107GMT 20190126
07825940402 <- 07849203593 1149GMT 20190126
07825940402 <- 07852078379 1225GMT 20190126
07825940402 -> 07824920650 1258GMT 20190126
07825940402 -> 07629986333 1430GMT 20190126
07825940402 -> 07859651251 1450GMT 20190126
07825940402 -> 07849203593 1504GMT 20190126
07825940402 <- 07849203593 1549GMT 20190126
07825940402 -> 07649524464 1840GMT 20190126
07825940402 -> 07824920650 1913GMT 20190126
07825940402 <- 07649524464 1936GMT 20190126
07825940402 <- 07629986333 1950GMT 20190126
07825940402 <- 07649524464 0632GMT 20190127
07825940402 -> 07849203593 0749GMT 20190127
07825940402 <- 07849203593 1048GMT 20190127
07825940402 <- 07824920650 1131GMT 20190127
07825940402 -> 07859651251 1242GMT 20190127
07825940402 <- 07735573099 1610GMT 20190127
07825940402 -> 07859651251 1614GMT 20190127
07825940402 <- 07649524464 1708GMT 20190127
07825940402 <- 07649524464 1721GMT 20190127
07825940402 -> 07859651251 1734GMT 20190127
07825940402 -> 07824920650 1741GMT 20190127
07825940402 <- 07649524464 1751GMT 20190127
07825940402 <- 07849203593 1916GMT 20190127
07825940402 <- 07515242452 1940GMT 20190127
07825940402 <- 07824920650 1946GMT 20190127
07825940402 <- 07859651251 0231GMT 20190128
07825940402 <- 07629986333 0709GMT 20190128
07825940402 <- 07859651251 0757GMT 20190128
07825940402 <- 07849203593 0924GMT 20190128
07825940402 -> 07515242452 0938GMT 20190128
07825940402 <- 07629986333 1233GMT 20190128
07825940402 <- 07649524464 1407GMT 20190128
07825940402 -> 07649524464 1428GMT 20190128
07825940402 <- 07824920650 1504GMT 20190128
07825940402 -> 07649524464 1818GMT 20190128
07825940402 -> 07859651251 1856GMT 20190128
07825940402 -> 07849203593 0128GMT 20190129
07825940402 -> 07629986333 0658GMT 20190129
07825940402 -> 07859651251 0738GMT 20190129
07825940402 <- 07849203593 0913GMT 20190129
07825940402 -> 07629986333 1009GMT 20190129
07825940402 -> 07629986333 1114GMT 20190129
07825940402 -> 07649524464 1238GMT 20190129
07825940402 -> 07515242452 1301GMT 20190129
07825940402 -> 07849203593 1425GMT 20190129
07825940402 -> 07629986333 1518GMT 20190129
07825940402 <- 07649524464 0809GMT 20190130
07825940402 -> 07859651251 0828GMT 20190130
07825940402 <- 07824920650 1610GMT 20190130
07825940402 -> 07629986333 1658GMT 20190130
07825940402 -> 07859651251 1858GMT 20190130
07825940402 <- 07859651251 2146GMT 20190130
07825940402 <- 07629986333 0753GMT 20190131
07825940402 -> 07849203593 0804GMT 20190131
07825940402 <- 07849203593 0855GMT 20190131
07825940402 -> 07649524464 0915GMT 20190131
07825940402 -> 07649524464 1029GMT 20190131
07825940402 <- 07824920650 1141GMT 20190131
07825940402 -> 07849203593 1351GMT 20190131
07825940402 -> 07629986333 1426GMT 20190131
07825940402 -> 07629986333 1607GMT 20190131
07825940402 -> 07824920650 1625GMT 20190131
07825940402 <- 07824920650 1720GMT 20190131
07825940402 <- 07859651251 1733GMT 20190131
07825940402 -> 07824920650 1905GMT 20190131
07825940402 <- 07824920650 1949GMT 20190131
07825940402 -> 07649524464 2011GMT 20190131
07825940402 -> 07859651251 2046GMT 20190131
07825940402 -> 07849203593 2054GMT 20190131
07825940402 <- 07859651251 0617GMT 20190201
07825940402 -> 07849203593 0756GMT 20190201
07825940402 <- 07859651251 0905GMT 20190201
07825940402 -> 07649524464 0909GMT 20190201
07825940402 -> 07824920650 1006GMT 20190201
07825940402 -> 07824920650 1225GMT 20190201
07825940402 -> 07849203593 1404GMT 20190201
07825940402 -> 07629986333 1427GMT 20190201
07825940402 <- 07649524464 1615GMT 20190201
07825940402 <- 07649524464 2108GMT 20190201
07825940402 <- 07849203593 1208GMT 20190202
07825940402 <- 07649524464 1804GMT 20190202
07825940402 -> 07629986333 1805GMT 20190202
07825940402 -> 07824920650 1920GMT 20190202
07825940402 <- 07629986333 0715GMT 20190203
07825940402 -> 07859651251 1442GMT 20190203
07825940402 <- 07849203593 1620GMT 20190203
07825940402 -> 07859651251 1939GMT 20190203
07825940402 <- 07649524464 2046GMT 20190203
07825940402 <- 07859651251 2115GMT 20190203
07825940402 -> 07849203593 0335GMT 20190204
07825940402 <- 07849203593 0638GMT 20190204
07825940402 -> 07649524464 0735GMT 20190204
07825940402 -> 07859651251 0837GMT 20190204
07825940402 <- 07824920650 0838GMT 20190204
07825940402 -> 07859651251 1050GMT 20190204
07825940402 -> 07849203593 1142GMT 20190204
07825940402 -> 07649524464 1159GMT 20190204
07825940402 -> 07629986333 1321GMT 20190204
07825940402 <- 07859651251 1336GMT 20190204
07825940402 <- 07629986333 1455GMT 20190204
07825940402 <- 07849203593 1555GMT 20190204
07825940402 <- 07859651251 2017GMT 20190204
07825940402 <- 07849203593 2035GMT 20190204
07825940402 <- 07849203593 2103GMT 20190204
07825940402 <- 07849203593 0626GMT 20190205
07825940402 <- 07824920650 1209GMT 20190205
07825940402 -> 07649524464 1346GMT 20190205
07825940402 -> 07629986333 1548GMT 20190205
07825940402 -> 07735573099 1644GMT 20190205
07825940402 <- 07629986333 1944GMT 20190205
07825940402 -> 07649524464 2004GMT 20190205
07825940402 <- 07649524464 2049GMT 20190205
07825940402 -> 07629986333 2051GMT 20190205
07825940402 <- 07859651251 0629GMT 20190206
07825940402 <- 07849203593 0634GMT 20190206
07825940402 -> 07824920650 0652GMT 20190206
07825940402 -> 07629986333 0704GMT 20190206
07825940402 <- 07629986333 0819GMT 20190206
07825940402 <- 07824920650 0850GMT 20190206
07825940402 -> 07824920650 0919GMT 20190206
07825940402 <- 07849203593 1012GMT 20190206
07825940402 -> 07629986333 1215GMT 20190206
07825940402 <- 07849203593 1409GMT 20190206
07825940402 <- 07629986333 1453GMT 20190206
07825940402 <- 07629986333 1541GMT 20190206
07825940402 <- 07849203593 2101GMT 20190206
07825940402 <- 07849203593 0119GMT 20190207
07825940402 -> 07859651251 0753GMT 20190207
07825940402 <- 07849203593 0800GMT 20190207
07825940402 <- 07859651251 0812GMT 20190207
07825940402 -> 07649524464 1112GMT 20190207
07825940402 -> 07825989689 1419GMT 20190207
07825940402 <- 07824920650 1554GMT 20190207
07825940402 <- 07649524464 1700GMT 20190207
07825940402 <- 07649524464 1738GMT 20190207
07825940402 -> 07649524464 1758GMT 20190207
07825940402 -> 07825989689 1828GMT 20190207
07825940402 -> 07824920650 1850GMT 20190207
07825940402 -> 07649524464 1910GMT 20190207
07825940402 <- 07859651251 1928GMT 20190207
07825940402 <- 07859651251 0638GMT 20190208
07825940402 -> 07515242452 0808GMT 20190208
07825940402 -> 07859651251 0836GMT 20190208
07825940402 -> 07859651251 0957GMT 20190208
07825940402 -> 07824920650 1248GMT 20190208
07825940402 <- 07629986333 1414GMT 20190208
07825940402 -> 07824920650 2256GMT 20190208
07825940402 <- 07859651251 0712GMT 20190209
07825940402 -> 07824920650 0830GMT 20190209
07825940402 <- 07849203593 0847GMT 20190209
07825940402 -> 07824920650 0936GMT 20190209
07825940402 -> 07849203593 0948GMT 20190209
07825940402 <- 07629986333 1021GMT 20190209
07825940402 <- 07629986333 1551GMT 20190209
07825940402 -> 07649524464 1554GMT 20190209
07825940402 <- 07859651251 1801GMT 20190209
07825940402 -> 07629986333 1949GMT 20190209
07825940402 <- 07859651251 2143GMT 20190209
07825940402 -> 07859651251 0037GMT 20190210
07825940402 -> 07649524464 0430GMT 20190210
07825940402 <- 07824920650 0846GMT 20190210
07825940402 <- 07629986333 1048GMT 20190210
07825940402 <- 07649524464 1100GMT 20190210
07825940402 <- 07849203593 1201GMT 20190210
07825940402 <- 07629986333 1348GMT 20190210
07825940402 <- 07859651251 1349GMT 20190210
07825940402 -> 07859651251 1442GMT 20190210
07825940402 -> 07859651251 1653GMT 20190210
07825940402 <- 07735573099 1911GMT 20190210
07825940402 <- 07859651251 0401GMT 20190211
07825940402 -> 07859651251 0605GMT 20190211
07825940402 -> 07859651251 0801GMT 20190211
07825940402 <- 07629986333 1023GMT 20190211
07825940402 -> 07649524464 1156GMT 20190211
07825940402 <- 07824920650 1252GMT 20190211
07825940402 -> 07859651251 1313GMT 20190211
07825940402 -> 07649524464 1315GMT 20190211
07825940402 <- 07629986333 1457GMT 20190211
07825940402 -> 07629986333 1704GMT 20190211
07825940402 -> 07824920650 1750GMT 20190211
07825940402 -> 07859651251 0753GMT 20190212
07825940402 <- 07849203593 0759GMT 20190212
07825940402 -> 07824920650 0825GMT 20190212
07825940402 <- 07849203593 1255GMT 20190212
07825940402 <- 07849203593 1438GMT 20190212
07825940402 -> 07859651251 1830GMT 20190212
07825940402 -> 07824920650 1841GMT 20190212
07825940402 <- 07629986333 1844GMT 20190212
07825940402 -> 07649524464 1934GMT 20190212
07825940402 -> 07824920650 2050GMT 20190212
07825940402 <- 07214226217 2123GMT 20190212
07825940402 <- 07649524464 2156GMT 20190212
07825940402 -> 07849203593 0738GMT 20190213
07825940402 <- 07649524464 0813GMT 20190213
07825940402 -> 07825695442 1000GMT 20190213
07825940402 -> 07649524464 1055GMT 20190213
07825940402 <- 07849203593 1739GMT 20190213
07825940402 -> 07824920650 2252GMT 20190213
07825940402 -> 07849203593 2354GMT 20190213
07825940402 <- 07849203593 0632GMT 20190214
07825940402 -> 07629986333 0640GMT 20190214
07825940402 <- 07824920650 0658GMT 20190214
07825940402 -> 07849203593 0801GMT 20190214
07825940402 <- 07629986333 1121GMT 20190214
07825940402 <- 07859651251 1203GMT 20190214
07825940402 -> 07824920650 1302GMT 20190214
07825940402 <- 07824920650 1407GMT 20190214
07825940402 -> 07629986333 1518GMT 20190214
07825940402 <- 07535963277 1612GMT 20190214
07825940402 -> 07824920650 1713GMT 20190214
07825940402 <- 07859651251 1919GMT 20190214
07825940402 -> 07824920650 2007GMT 20190214
07825940402 <- 07824920650 2059GMT 20190214
07825940402 <- 07649524464 0601GMT 20190215
07825940402 -> 07849203593 0629GMT 20190215
07825940402 -> 07849203593 0745GMT 20190215
07825940402 -> 07859651251 0844GMT 20190215
07825940402 -> 07824920650 1050GMT 20190215
07825940402 -> 07824920650 1224GMT 20190215
07825940402 -> 07859651251 1711GMT 20190215
07825940402 <- 07859651251 1735GMT 20190215
07825940402 <- 07849203593 1756GMT 20190215
07825940402 -> 07824920650 2111GMT 20190215
07825940402 -> 07859651251 2128GMT 20190215
07825940402 <- 07859651251 2250GMT 20190215
07825940402 -> 07849203593 0640GMT 20190216
07825940402 <- 07859651251 0749GMT 20190216
07825940402 -> 07824920650 0819GMT 20190216
07825940402 <- 07629986333 1153GMT 20190216
07825940402 <- 07629986333 1239GMT 20190216
07825940402 -> 07859651251 1312GMT 20190216
07825940402 <- 07629986333 1619GMT 20190216
07825940402 -> 07849203593 1646GMT 20190216
07825940402 <- 07824920650 1700GMT 20190216
07825940402 -> 07629986333 1859GMT 20190216
07825940402 <- 07629986333 0957GMT 20190217
07825940402 -> 07859651251 1104GMT 20190217
07825940402 -> 07849203593 1249GMT 20190217
07825940402 <- 07825989689 1352GMT 20190217
07825940402 <- 07849203593 1654GMT 20190217
07825940402 <- 07859651251 1717GMT 20190217
07825940402 -> 07629986333 1832GMT 20190217
07825940402 <- 07859651251 2037GMT 20190217
07825940402 -> 07515242452 0910GMT 20190218
07825940402 <- 07824920650 1252GMT 20190218
07825940402 <- 07849203593 1420GMT 20190218
07825940402 <- 07849203593 1506GMT 20190218
07825940402 -> 07859651251 1809GMT 20190218
07825940402 <- 07859651251 1940GMT 20190218
07825940402 -> 07849203593 1958GMT 20190218
07825940402 -> 07859651251 0318GMT 20190219
07825940402 -> 07629986333 0714GMT 20190219
07825940402 -> 07735573099 0848GMT 20190219
07825940402 -> 07849203593 1354GMT 20190219
07825940402 <- 07824920650 1805GMT 20190219
07825940402 -> 07649524464 1813GMT 20190219
07825940402 <- 07649524464 1912GMT 20190219
07825940402 <- 07849203593 2036GMT 20190219
07825940402 -> 07649524464 2200GMT 20190219
07825940402 -> 07629986333 2249GMT 20190219
07825940402 -> 07649524464 0724GMT 20190220
07825940402 -> 07852078379 0731GMT 20190220
07825940402 -> 07849203593 1034GMT 20190220
07825940402 -> 07849203593 1601GMT 20190220
07825940402 <- 07849203593 1622GMT 20190220
07825940402 <- 07629986333 1711GMT 20190220
07825940402 -> 07849203593 1758GMT 20190220
07825940402 -> 07849203593 1812GMT 20190220
07825940402 -> 07515242452 1931GMT 20190220
07825940402 <- 07649524464 1955GMT 20190220
07825940402 -> 07859651251 2017GMT 20190220
07825940402 -> 07629986333 0437GMT 20190221
07825940402 <- 07859651251 0611GMT 20190221
07825940402 -> 07849203593 0659GMT 20190221
07825940402 -> 07859651251 0809GMT 20190221
07825940402 -> 07629986333 0953GMT 20190221
07825940402 -> 07824920650 1006GMT 20190221
07825940402 <- 07649524464 1032GMT 20190221
07825940402 -> 07825989689 1627GMT 20190221
07825940402 <- 07824920650 1711GMT 20190221
07825940402 -> 07849203593 1726GMT 20190221
07825940402 <- 07270417957 2001GMT 20190221
07825940402 <- 07859651251 2159GMT 20190221
07825940402 -> 07629986333 0637GMT 20190222
07825940402 <- 07629986333 0706GMT 20190222
07825940402 -> 07849203593 0743GMT 20190222
07825940402 <- 07649524464 0954GMT 20190222
07825940402 -> 07629986333 1236GMT 20190222
07825940402 <- 07849203593 1308GMT 20190222
07825940402 <- 07859651251 1517GMT 20190222
07825940402 <- 07824920650 1525GMT 20190222
07825940402 <- 07649524464 1541GMT 20190222
07825940402 <- 07825989689 1725GMT 20190222
07825940402 -> 07824920650 1727GMT 20190222
07825940402 -> 07824920650 1836GMT 20190222
07825940402 -> 07629986333 1923GMT 20190222
07825940402 <- 07629986333 2012GMT 20190222
07825940402 -> 07649524464 2048GMT 20190222
07825940402 <- 07824920650 2057GMT 20190222
07825940402 -> 07824920650 2131GMT 20190222
07825940402 <- 07859651251 0624GMT 20190223
07825940402 <- 07649524464 0628GMT 20190223
07825940402 <- 07849203593 0640GMT 20190223
07825940402 -> 07824920650 0904GMT 20190223
07825940402 <- 07629986333 1350GMT 20190223
07825940402 <- 07859651251 1611GMT 20190223
07825940402 <- 07629986333 1628GMT 20190223
07825940402 <- 07849203593 1659GMT 20190223
07825940402 -> 07515242452 1919GMT 20190223
07825940402 <- 07629986333 0756GMT 20190224
07825940402 <- 07849203593 0818GMT 20190224
07825940402 -> 07849203593 0827GMT 20190224
07825940402 -> 07859651251 0933GMT 20190224
07825940402 <- 07859651251 0956GMT 20190224
07825940402 -> 07629986333 1131GMT 20190224
07825940402 <- 07629986333 1307GMT 20190224
07825940402 -> 07649524464 1400GMT 20190224
07825940402 -> 07824920650 1511GMT 20190224
07825940402 -> 07849203593 1639GMT 20190224
07825940402 -> 07849203593 1703GMT 20190224
07825940402 <- 07849203593 1747GMT 20190224
07825940402 <- 07852078379 2153GMT 20190224
07825940402 <- 07649524464 2159GMT 20190224
07825940402 <- 07859651251 0156GMT 20190225
07825940402 <- 07515242452 0727GMT 20190225
07825940402 <- 07649524464 0839GMT 20190225
07825940402 -> 07849203593 0924GMT 20190225
07825940402 -> 07849203593 0930GMT 20190225
07825940402 -> 07735573099 0933GMT 20190225
07825940402 -> 07629986333 1049GMT 20190225
07825940402 -> 07825695442 1200GMT 20190225
07825940402 -> 07649524464 1444GMT 20190225
07825940402 <- 07649524464 1759GMT 20190225
07825940402 <- 07849203593 0606GMT 20190226
07825940402 <- 07849203593 0820GMT 20190226
07825940402 <- 07859651251 0839GMT 20190226
07825940402 <- 07629986333 1037GMT 20190226
07825940402 -> 07629986333 1258GMT 20190226
07825940402 -> 07849203593 1340GMT 20190226
07825940402 <- 07649524464 1611GMT 20190226
07825940402 <- 07629986333 1649GMT 20190226
07825940402 -> 07859651251 1723GMT 20190226
07825940402 <- 07824920650 1743GMT 20190226
07825940402 <- 07649524464 1758GMT 20190226
07825940402 <- 07515242452 1903GMT 20190226
07825940402 -> 07649524464 0842GMT 20190227
07825940402 -> 07629986333 1033GMT 20190227
07825940402 <- 07859651251 1118GMT 20190227
07825940402 -> 07824920650 1230GMT 20190227
07825940402 -> 07859651251 1424GMT 20190227
07825940402 <- 07735573099 1435GMT 20190227
07825940402 <- 07649524464 1544GMT 20190227
07825940402 <- 07629986333 1721GMT 20190227
07825940402 -> 07859651251 1743GMT 20190227
07825940402 <- 07649524464 1900GMT 20190227
07825940402 -> 07859651251 1922GMT 20190227
07825940402 -> 07649524464 2024GMT 20190227
07825940402 <- 07859651251 2043GMT 20190227
07825940402 <- 07649524464 2137GMT 20190227
07825940402 -> 07649524464 0603GMT 20190228
07825940402 <- 07859651251 0700GMT 20190228
07825940402 <- 07649524464 0855GMT 20190228
07825940402 <- 07629986333 1048GMT 20190228
07825940402 -> 07824920650 1431GMT 20190228
07825940402 <- 07849203593 1454GMT 20190228
07825940402 <- 07629986333 1552GMT 20190228
07825940402 -> 07859651251 1709GMT 20190228
07825940402 <- 07824920650 1714GMT 20190228
07825940402 <- 07859651251 0607GMT 20190301
07825940402 -> 07849203593 0633GMT 20190301
07825940402 -> 07824920650 0636GMT 20190301
07825940402 -> 07649524464 0816GMT 20190301
07825940402 <- 07735573099 0822GMT 20190301
07825940402 <- 07824920650 0945GMT 20190301
07825940402 <- 07824920650 1113GMT 20190301
07825940402 <- 07649524464 1155GMT 20190301
07825940402 <- 07859651251 1325GMT 20190301
07825940402 <- 07649524464 1407GMT 20190301
07825940402 <- 07629986333 1617GMT 20190301
07825940402 -> 07849203593 1628GMT 20190301
07825940402 <- 07859651251 1743GMT 20190301
07825940402 <- 07859651251 1909GMT 20190301
07825940402 -> 07849203593 1937GMT 20190301
07825940402 <- 07649524464 2005GMT 20190301
07825940402 <- 07859651251 2019GMT 20190301
07825940402 -> 07824920650 2151GMT 20190301
07825940402 <- 07649524464 0655GMT 20190302
07825940402 <- 07849203593 0742GMT 20190302
07825940402 -> 07859651251 0917GMT 20190302
07825940402 <- 07859651251 1020GMT 20190302
07825940402 -> 07629986333 1305GMT 20190302
07825940402 -> 07849203593 1322GMT 20190302
07825940402 -> 07824920650 1442GMT 20190302
07825940402 -> 07649524464 1733GMT 20190302
07825940402 -> 07824920650 1806GMT 20190302
07825940402 -> 07649524464 1824GMT 20190302
07825940402 <- 07849203593 1919GMT 20190302
07825940402 <- 07849203593 0852GMT 20190303
07825940402 <- 07629986333 1006GMT 20190303
07825940402 -> 07825989689 1013GMT 20190303
07825940402 -> 07849203593 1055GMT 20190303
07825940402 <- 07852078379 1144GMT 20190303
07825940402 -> 07629986333 1152GMT 20190303
07825940402 -> 07824920650 1224GMT 20190303
07825940402 -> 07649524464 1442GMT 20190303
07825940402 <- 07629986333 1508GMT 20190303
07825940402 <- 07629986333 1541GMT 20190303
07825940402 <- 07859651251 1845GMT 20190303
07825940402 -> 07824920650 1951GMT 20190303
07825940402 <- 07859651251 2019GMT 20190303
07825940402 <- 07824920650 2151GMT 20190303
07825940402 -> 07649524464 2244GMT 20190303
07825940402 <- 07859651251 0811GMT 20190304
07825940402 <- 07649524464 0816GMT 20190304
07825940402 -> 07735573099 0904GMT 20190304
07825940402 <- 07824920650 1101GMT 20190304
07825940402 -> 07849203593 1338GMT 20190304
07825940402 -> 07629986333 1435GMT 20190304
07825940402 <- 07649524464 1444GMT 20190304
07825940402 -> 07824920650 1525GMT 20190304
07825940402 -> 07824920650 1729GMT 20190304
07825940402 <- 07859651251 1958GMT 20190304
07825940402 <- 07824920650 2015GMT 20190304
07825940402 <- 07849203593 0601GMT 20190305
07825940402 <- 07629986333 0654GMT 20190305
07825940402 <- 07649524464 0723GMT 20190305
07825940402 <- 07649524464 0802GMT 20190305
07825940402 <- 07735573099 0831GMT 20190305
07825940402 -> 07849203593 0934GMT 20190305
07825940402 -> 07824920650 0955GMT 20190305
07825940402 <- 07859651251 1115GMT 20190305
07825940402 <- 07629986333 1241GMT 20190305
07825940402 <- 07629986333 1451GMT 20190305
07825940402 -> 07649524464 1533GMT 20190305
07825940402 -> 07649524464 1700GMT 20190305
07825940402 <- 07849203593 1735GMT 20190305
07825940402 <- 07649524464 2034GMT 20190305
07825940402 -> 07849203593 2126GMT 20190305
07825940402 <- 07629986333 0608GMT 20190306
07825940402 <- 07859651251 0627GMT 20190306
07825940402 <- 07849203593 0653GMT 20190306
07825940402 -> 07824920650 0806GMT 20190306
07825940402 -> 07629986333 1130GMT 20190306
07825940402 <- 07629986333 1200GMT 20190306
07825940402 -> 07824920650 1713GMT 20190306
07825940402 -> 07649524464 1902GMT 20190306
07825940402 -> 07629986333 2102GMT 20190306
07825940402 <- 07849203593 2113GMT 20190306
07825940402 <- 07859651251 0926GMT 20190307
07825940402 -> 07849203593 1005GMT 20190307
07825940402 <- 07649524464 1006GMT 20190307
07825940402 -> 07859651251 1058GMT 20190307
07825940402 -> 07629986333 1101GMT 20190307
07825940402 <- 07824920650 1137GMT 20190307
07825940402 <- 07824920650 1258GMT 20190307
07825940402 <- 07859651251 1541GMT 20190307
07825940402 <- 07849203593 1611GMT 20190307
07825940402 -> 07629986333 1638GMT 20190307
07825940402 -> 07859651251 1900GMT 20190307
07825940402 <- 07649524464 1948GMT 20190307
07825940402 -> 07824920650 0837GMT 20190308
07825940402 -> 07859651251 1000GMT 20190308
07825940402 <- 07649524464 1107GMT 20190308
07825940402 -> 07859651251 1130GMT 20190308
07825940402 <- 07859651251 1201GMT 20190308
07825940402 <- 07824920650 1316GMT 20190308
07825940402 <- 07094886885 1719GMT 20190308
07825940402 <- 07629986333 1810GMT 20190308
07825940402 <- 07859651251 1920GMT 20190308
07825940402 -> 07849203593 2036GMT 20190308
07825940402 -> 07629986333 2215GMT 20190308
07825940402 <- 07825989689 0645GMT 20190309
07825940402 -> 07849203593 0752GMT 20190309
07825940402 -> 07825989689 0802GMT 20190309
07825940402 <- 07629986333 0838GMT 20190309
07825940402 -> 07849203593 0844GMT 20190309
07825940402 <- 07515242452 1003GMT 20190309
07825940402 -> 07824920650 1005GMT 20190309
07825940402 <- 07649524464 1135GMT 20190309
07825940402 <- 07859651251 1324GMT 20190309
07825940402 <- 07849203593 1347GMT 20190309
07825940402 <- 07859651251 1408GMT 20190309
07825940402 -> 07629986333 1506GMT 20190309
07825940402 -> 07849203593 1542GMT 20190309
07825940402 <- 07649524464 1547GMT 20190309
07825940402 <- 07649524464 1656GMT 20190309
07825940402 <- 07629986333 1737GMT 20190309
07825940402 -> 07824920650 1828GMT 20190309
07825940402 <- 07859651251 1904GMT 20190309
07825940402 -> 07859651251 2046GMT 20190309
07825940402 -> 07629986333 0952GMT 20190310
07825940402 <- 07849203593 1429GMT 20190310
07825940402 -> 07629986333 1454GMT 20190310
07825940402 <- 07824920650 1912GMT 20190310
07825940402 <- 07629986333 2024GMT 20190310
07825940402 <- 07859651251 2038GMT 20190310
07825940402 -> 07629986333 2158GMT 20190310
07825940402 -> 07629986333 0626GMT 20190311
07825940402 <- 07849203593 0634GMT 20190311
07825940402 -> 07859651251 0654GMT 20190311
07825940402 -> 07859651251 0707GMT 20190311
07825940402 -> 07649524464 0832GMT 20190311
07825940402 -> 07849203593 0913GMT 20190311
07825940402 <- 07824920650 1016GMT 20190311
07825940402 -> 07629986333 1135GMT 20190311
07825940402 <- 07849203593 1245GMT 20190311
07825940402 -> 07849203593 1249GMT 20190311
07825940402 -> 07649524464 1304GMT 20190311
07825940402 -> 07849203593 1430GMT 20190311
07825940402 -> 07849203593 1704GMT 20190311
07825940402 <- 07629986333 1810GMT 20190311
07825940402 <- 07649524464 1812GMT 20190311
07825940402 <- 07649524464 1835GMT 20190311
07825940402 -> 07859651251 0728GMT 20190312
07825940402 -> 07859651251 0931GMT 20190312
07825940402 -> 07859651251 1015GMT 20190312
07825940402 -> 07649524464 1033GMT 20190312
07825940402 <- 07629986333 1147GMT 20190312
07825940402 -> 07859651251 1152GMT 20190312
07825940402 <- 07849203593 1237GMT 20190312
07825940402 <- 07824920650 1253GMT 20190312
07825940402 <- 07824920650 1325GMT 20190312
07825940402 -> 07859651251 1415GMT 20190312
07825940402 <- 07824920650 1516GMT 20190312
07825940402 -> 07859651251 1704GMT 20190312
07825940402 <- 07849203593 1906GMT 20190312
07825940402 -> 07629986333 1951GMT 20190312
07825940402 <- 07859651251 2006GMT 20190312
07825940402 -> 07649524464 2020GMT 20190312
07825940402 -> 07849203593 2030GMT 20190312
07825940402 <- 07859651251 2056GMT 20190312
07825940402 -> 07859651251 0738GMT 20190313
07825940402 -> 07649524464 0835GMT 20190313
07825940402 <- 07649524464 1004GMT 20190313
07825940402 <- 07859651251 1037GMT 20190313
07825940402 -> 07629986333 1235GMT 20190313
07825940402 <- 07629986333 1350GMT 20190313
07825940402 <- 07849203593 1414GMT 20190313
07825940402 -> 07824920650 1549GMT 20190313
07825940402 <- 07649524464 1724GMT 20190313
07825940402 -> 07849203593 1749GMT 20190313
07825940402 <- 07859651251 1936GMT 20190313
07825940402 <- 07629986333 0604GMT 20190314
07825940402 <- 07649524464 0625GMT 20190314
07825940402 <- 07824920650 0747GMT 20190314
07825940402 <- 07824920650 0829GMT 20190314
07825940402 <- 07649524464 0854GMT 20190314
07825940402 -> 07649524464 1246GMT 20190314
07825940402 -> 07824920650 1333GMT 20190314
07825940402 <- 07629986333 1448GMT 20190314
07825940402 -> 07629986333 1637GMT 20190314
07825940402 <- 07859651251 1749GMT 20190314
07825940402 <- 07849203593 1856GMT 20190314
07825940402 -> 07649524464 2006GMT 20190314
07825940402 <- 07859651251 2128GMT 20190314
07825940402 <- 07824920650 0911GMT 20190315
07825940402 <- 07649524464 1036GMT 20190315
07825940402 <- 07649524464 1045GMT 20190315
07825940402 <- 07859651251 1230GMT 20190315
07825940402 -> 07649524464 1317GMT 20190315
07825940402 <- 07859651251 1641GMT 20190315
07825940402 -> 07649524464 1739GMT 20190315
07825940402 <- 07824920650 1739GMT 20190315
07825940402 <- 07515242452 1835GMT 20190315
07825940402 -> 07859651251 1907GMT 20190315
07825940402 <- 07824920650 2036GMT 20190315
07825940402 <- 07849203593 0518GMT 20190316
07825940402 -> 07649524464 0642GMT 20190316
07825940402 -> 07629986333 1038GMT 20190316
07825940402 <- 07849203593 1055GMT 20190316
07825940402 <- 07649524464 1255GMT 20190316
07825940402 <- 07649524464 1322GMT 20190316
07825940402 -> 07629986333 1348GMT 20190316
07825940402 -> 07849203593 1752GMT 20190316
07825940402 <- 07859651251 0500GMT 20190317
07825940402 -> 07849203593 0641GMT 20190317
07825940402 <- 07849203593 0646GMT 20190317
07825940402 -> 07824920650 0930GMT 20190317
07825940402 <- 07629986333 1338GMT 20190317
07825940402 -> 07649524464 1434GMT 20190317
07825940402 <- 07824920650 1525GMT 20190317
07825940402 <- 07859651251 1539GMT 20190317
07825940402 -> 07859651251 1705GMT 20190317
07825940402 <- 07849203593 1715GMT 20190317
07825940402 <- 07824920650 2120GMT 20190317
07825940402 -> 07649524464 2141GMT 20190317
07825940402 -> 07649524464 1000GMT 20190318
07825940402 <- 07649524464 1043GMT 20190318
07825940402 <- 07824920650 1300GMT 20190318
07825940402 -> 07849203593 1629GMT 20190318
07825940402 -> 07649524464 1649GMT 20190318
07825940402 <- 07629986333 1914GMT 20190318
07825940402 <- 07852078379 2137GMT 20190318
07825940402 -> 07649524464 0859GMT 20190319
07825940402 <- 07629986333 1011GMT 20190319
07825940402 <- 07629986333 1137GMT 20190319
07825940402 -> 07849203593 1326GMT 20190319
07825940402 -> 07849203593 1822GMT 20190319
07825940402 -> 07629986333 1906GMT 20190319
07825940402 -> 07859651251 0636GMT 20190320
07825940402 -> 07825695442 0900GMT 20190320
07825940402 <- 07859651251 1253GMT 20190320
07825940402 <- 07629986333 1256GMT 20190320
07825940402 -> 07824920650 1309GMT 20190320
07825940402 -> 07859651251 1352GMT 20190320
07825940402 <- 07629986333 1738GMT 20190320
07825940402 <- 07649524464 1845GMT 20190320
07825940402 -> 07629986333 1853GMT 20190320
07825940402 <- 07824920650 0850GMT 20190321
07825940402 -> 07824920650 1119GMT 20190321
07825940402 -> 07849203593 1138GMT 20190321
07825940402 -> 07649524464 1140GMT 20190321
07825940402 <- 07859651251 1223GMT 20190321
07825940402 -> 07825989689 1231GMT 20190321
07825940402 -> 07629986333 1238GMT 20190321
07825940402 <- 07735573099 1317GMT 20190321
07825940402 -> 07859651251 1528GMT 20190321
07825940402 <- 07859651251 1545GMT 20190321
07825940402 -> 07824920650 1623GMT 20190321
07825940402 <- 07849203593 1816GMT 20190321
07825940402 -> 07629986333 1850GMT 20190321
07825940402 <- 07849203593 1918GMT 20190321
07825940402 <- 07849203593 1922GMT 20190321
07825940402 -> 07649524464 0659GMT 20190322
07825940402 <- 07629986333 1154GMT 20190322
07825940402 <- 07849203593 1207GMT 20190322
07825940402 <- 07852078379 1214GMT 20190322
07825940402 -> 07629986333 1334GMT 20190322
07825940402 -> 07629986333 1411GMT 20190322
07825940402 <- 07859651251 1528GMT 20190322
07825940402 <- 07649524464 1604GMT 20190322
07825940402 -> 07629986333 1706GMT 20190322
07825940402 <- 07629986333 1831GMT 20190322
07825940402 -> 07824920650 2056GMT 20190322
07825940402 <- 07649524464 0658GMT 20190323
07825940402 -> 07859651251 0800GMT 20190323
07825940402 -> 07629986333 1151GMT 20190323
07825940402 -> 07629986333 1326GMT 20190323
07825940402 -> 07629986333 1341GMT 20190323
07825940402 -> 07515242452 1444GMT 20190323
07825940402 -> 07649524464 1500GMT 20190323
07825940402 <- 07735573099 1659GMT 20190323
07825940402 <- 07649524464 1722GMT 20190323
07825940402 -> 07629986333 1723GMT 20190323
07825940402 -> 07849203593 1803GMT 20190323
07825940402 -> 07849203593 1944GMT 20190323
07825940402 <- 07849203593 2115GMT 20190323
07825940402 -> 07649524464 2152GMT 20190323
07825940402 -> 07649524464 0529GMT 20190324
07825940402 -> 07824920650 0713GMT 20190324
07825940402 <- 07824920650 0752GMT 20190324
07825940402 -> 07849203593 0909GMT 20190324
07825940402 -> 07649524464 1020GMT 20190324
07825940402 -> 07649524464 1022GMT 20190324
07825940402 -> 07859651251 1210GMT 20190324
07825940402 <- 07649524464 1717GMT 20190324
07825940402 -> 07849203593 1758GMT 20190324
07825940402 -> 07852078379 1926GMT 20190324
07825940402 -> 07859651251 1945GMT 20190324
07825940402 -> 07649524464 2104GMT 20190324
07825940402 <- 07629986333 0855GMT 20190325
07825940402 -> 07515242452 0923GMT 20190325
07825940402 <- 07649524464 1114GMT 20190325
07825940402 <- 07629986333 1238GMT 20190325
07825940402 <- 07053905822 1507GMT 20190325
07825940402 <- 07859651251 1644GMT 20190325
07825940402 <- 07649524464 1751GMT 20190325
07825940402 -> 07629986333 0659GMT 20190326
07825940402 -> 07859651251 1108GMT 20190326
07825940402 <- 07824920650 1130GMT 20190326
07825940402 -> 07824920650 1147GMT 20190326
07825940402 -> 07825989689 1554GMT 20190326
07825940402 -> 07649524464 1634GMT 20190326
07825940402 -> 07849203593 2134GMT 20190326
07825940402 -> 07649524464 2139GMT 20190326
07825940402 -> 07859651251 2151GMT 20190326
07825940402 <- 07629986333 0614GMT 20190327
07825940402 -> 07649524464 0639GMT 20190327
07825940402 -> 07649524464 0642GMT 20190327
07825940402 <- 07649524464 0643GMT 20190327
07825940402 -> 07859651251 0719GMT 20190327
07825940402 <- 07735573099 0733GMT 20190327
07825940402 <- 07859651251 0808GMT 20190327
07825940402 <- 07849203593 1119GMT 20190327
07825940402 -> 07629986333 1125GMT 20190327
07825940402 <- 07649524464 1144GMT 20190327
07825940402 <- 07849203593 1220GMT 20190327
07825940402 -> 07629986333 1442GMT 20190327
07825940402 -> 07629986333 1557GMT 20190327
07825940402 -> 07824920650 1611GMT 20190327
07825940402 <- 07859651251 1719GMT 20190327
07825940402 <- 07849203593 1952GMT 20190327
07825940402 <- 07849203593 2049GMT 20190327
07825940402 <- 07066830276 0748GMT 20190328
07825940402 -> 07629986333 1019GMT 20190328
07825940402 <- 07824920650 1025GMT 20190328
07825940402 <- 07824920650 1439GMT 20190328
07825940402 <- 07849203593 1517GMT 20190328
07825940402 <- 07649524464 1522GMT 20190328
07825940402 <- 07824920650 1607GMT 20190328
07825940402 <- 07649524464 1920GMT 20190328
07825940402 <- 07629986333 1944GMT 20190328
07825940402 <- 07824920650 2134GMT 20190328
07825940402 <- 07849203593 2141GMT 20190328
07825940402 -> 07649524464 0348GMT 20190329
07825940402 <- 07890409814 0747GMT 20190329
07825940402 <- 07649524464 0813GMT 20190329
07825940402 -> 07649524464 1014GMT 20190329
07825940402 <- 07649524464 1233GMT 20190329
07825940402 <- 07649524464 1258GMT 20190329
07825940402 <- 07649524464 1615GMT 20190329
07825940402 <- 07849203593 1653GMT 20190329
07825940402 -> 07649524464 1741GMT 20190329
07825940402 <- 07629986333 1821GMT 20190329
07825940402 <- 07849203593 2158GMT 20190329
07825940402 <- 07824920650 0606GMT 20190330
07825940402 -> 07649524464 0616GMT 20190330
07825940402 <- 07824920650 0648GMT 20190330
07825940402 -> 07859651251 0651GMT 20190330
07825940402 <- 07336924441 1353GMT 20190330
07825940402 <- 07629986333 1432GMT 20190330
07825940402 -> 07649524464 1624GMT 20190330
07825940402 <- 07859651251 1647GMT 20190330
07825940402 <- 07649524464 0734GMT 20190331
07825940402 <- 07849203593 0818GMT 20190331
07825940402 <- 07849203593 0855GMT 20190331
07825940402 -> 07849203593 1009GMT 20190331
07825940402 -> 07629986333 1109GMT 20190331
07825940402 <- 07859651251 1518GMT 20190331
07825940402 -> 07629986333 1533GMT 20190331
07825940402 -> 07824920650 1908GMT 20190331
07825940402 <- 07859651251 1955GMT 20190331
07825940402 -> 07852078379 0316GMT 20190401
07825940402 -> 07859651251 0625GMT 20190401
07825940402 -> 07629986333 0707GMT 20190401
07825940402 -> 07629986333 0741GMT 20190401
07825940402 <- 07824920650 0751GMT 20190401
07825940402 -> 07649524464 1020GMT 20190401
07825940402 -> 07859651251 1425GMT 20190401
07825940402 <- 07649524464 1537GMT 20190401
07825940402 <- 07649524464 1633GMT 20190401
07825940402 -> 07859651251 1636GMT 20190401
07825940402 -> 07859651251 1654GMT 20190401
07825940402 <- 07378288426 1743GMT 20190401
07825940402 <- 07849203593 1938GMT 20190401
07825940402 <- 07629986333 0853GMT 20190402
07825940402 <- 07824920650 1015GMT 20190402
07825940402 -> 07649524464 1027GMT 20190402
07825940402 <- 07649524464 1054GMT 20190402
07825940402 <- 07849203593 1209GMT 20190402
07825940402 <- 07849203593 1213GMT 20190402
07825940402 -> 07859651251 1713GMT 20190402
07825940402 -> 07824920650 2101GMT 20190402
07825940402 <- 07629986333 0754GMT 20190403
07825940402 <- 07629986333 0757GMT 20190403
07825940402 -> 07852078379 0827GMT 20190403
07825940402 <- 07649524464 1103GMT 20190403
07825940402 -> 07859651251 1441GMT 20190403
07825940402 <- 07649524464 1658GMT 20190403
07825940402 <- 07649524464 1726GMT 20190403
07825940402 <- 07849203593 1730GMT 20190403
07825940402 <- 07515242452 1957GMT 20190403
07825940402 <- 07629986333 0952GMT 20190404
07825940402 <- 07824920650 1353GMT 20190404
07825940402 <- 07629986333 1527GMT 20190404
07825940402 <- 07852078379 1648GMT 20190404
07825940402 -> 07629986333 1858GMT 20190404
07825940402 <- 07649524464 2001GMT 20190404
07825940402 <- 07649524464 2042GMT 20190404
07825940402 <- 07649524464 0643GMT 20190405
07825940402 <- 07649524464 0907GMT 20190405
07825940402 -> 07824920650 0920GMT 20190405
07825940402 -> 07649524464 0951GMT 20190405
07825940402 -> 07629986333 1203GMT 20190405
07825940402 -> 07824920650 1348GMT 20190405
07825940402 <- 07629986333 1450GMT 20190405
07825940402 -> 07649524464 1504GMT 20190405
07825940402 -> 07824920650 1643GMT 20190405
07825940402 -> 07859651251 1648GMT 20190405
07825940402 <- 07849203593 2031GMT 20190405
07825940402 -> 07824920650 2043GMT 20190405
07825940402 <- 07849203593 2050GMT 20190405
07825940402 -> 07824920650 2101GMT 20190405
07825940402 -> 07629986333 0634GMT 20190406
07825940402 -> 07849203593 0915GMT 20190406
07825940402 -> 07824920650 1317GMT 20190406
07825940402 <- 07849203593 1334GMT 20190406
07825940402 -> 07849203593 1354GMT 20190406
07825940402 -> 07859651251 1550GMT 20190406
07825940402 <- 07859651251 1725GMT 20190406
07825940402 <- 07824920650 1810GMT 20190406
07825940402 -> 07849203593 1820GMT 20190406
07825940402 -> 07649524464 2126GMT 20190406
07825940402 -> 07849203593 2136GMT 20190406
07825940402 <- 07824920650 0619GMT 20190407
07825940402 <- 07629986333 0714GMT 20190407
07825940402 -> 07859651251 0726GMT 20190407
07825940402 <- 07629986333 0858GMT 20190407
07825940402 -> 07649524464 0902GMT 20190407
07825940402 <- 07859651251 0947GMT 20190407
07825940402 <- 07649524464 1212GMT 20190407
07825940402 <- 07859651251 1335GMT 20190407
07825940402 <- 07824920650 1603GMT 20190407
07825940402 <- 07629986333 2018GMT 20190407
07825940402 -> 07849203593 2126GMT 20190407
07825940402 <- 07824920650 2140GMT 20190407
07825940402 <- 07849203593 0613GMT 20190408
07825940402 -> 07859651251 0614GMT 20190408
07825940402 <- 07824920650 0729GMT 20190408
07825940402 <- 07859651251 0831GMT 20190408
07825940402 -> 07649524464 1049GMT 20190408
07825940402 <- 07849203593 1055GMT 20190408
07825940402 -> 07824920650 1320GMT 20190408
07825940402 <- 07824920650 1329GMT 20190408
07825940402 <- 07649524464 1412GMT 20190408
07825940402 <- 07859651251 2011GMT 20190408
07825940402 -> 07849203593 2025GMT 20190408
07825940402 -> 07859651251 0733GMT 20190409
07825940402 -> 07859651251 0850GMT 20190409
07825940402 -> 07649524464 1153GMT 20190409
07825940402 -> 07825695442 1400GMT 20190409
07825940402 -> 07859651251 1752GMT 20190409
07825940402 <- 07849203593 1753GMT 20190409
07825940402 <- 07629986333 1837GMT 20190409
07825940402 -> 07825989689 0701GMT 20190410
07825940402 <- 07849203593 0718GMT 20190410
07825940402 -> 07629986333 0735GMT 20190410
07825940402 -> 07824920650 1041GMT 20190410
07825940402 -> 07824920650 1148GMT 20190410
07825940402 -> 07849203593 1155GMT 20190410
07825940402 -> 07859651251 1426GMT 20190410
07825940402 -> 07629986333 1525GMT 20190410
07825940402 -> 07859651251 1534GMT 20190410
07825940402 <- 07859651251 1925GMT 20190410
07825940402 <- 07649524464 2031GMT 20190410
07825940402 -> 07629986333 2135GMT 20190410
07825940402 -> 07649524464 0644GMT 20190411
07825940402 <- 07849203593 0812GMT 20190411
07825940402 -> 07825989689 0814GMT 20190411
07825940402 -> 07649524464 1032GMT 20190411
07825940402 -> 07649524464 1503GMT 20190411
07825940402 <- 07629986333 1623GMT 20190411
07825940402 <- 07849203593 1701GMT 20190411
07825940402 -> 07649524464 2006GMT 20190411
07825940402 -> 07649524464 0622GMT 20190412
07825940402 <- 07824920650 0946GMT 20190412
07825940402 -> 07649524464 1347GMT 20190412
07825940402 <- 07270417957 1440GMT 20190412
07825940402 <- 07824920650 1601GMT 20190412
07825940402 <- 07849203593 1812GMT 20190412
07825940402 -> 07859651251 2155GMT 20190412
07825940402 -> 07849203593 0658GMT 20190413
07825940402 -> 07824920650 0722GMT 20190413
07825940402 <- 07649524464 0923GMT 20190413
07825940402 <- 07629986333 0937GMT 20190413
07825940402 -> 07824920650 0948GMT 20190413
07825940402 -> 07849203593 1332GMT 20190413
07825940402 -> 07649524464 1339GMT 20190413
07825940402 <- 07824920650 1406GMT 20190413
07825940402 -> 07649524464 1504GMT 20190413
07825940402 <- 07515242452 1634GMT 20190413
07825940402 <- 07824920650 0604GMT 20190414
07825940402 <- 07824920650 0646GMT 20190414
07825940402 <- 07849203593 0712GMT 20190414
07825940402 -> 07859651251 0716GMT 20190414
07825940402 -> 07629986333 0721GMT 20190414
07825940402 <- 07849203593 0928GMT 20190414
07825940402 -> 07859651251 0940GMT 20190414
07825940402 <- 07849203593 1010GMT 20190414
07825940402 <- 07849203593 1139GMT 20190414
07825940402 <- 07629986333 1635GMT 20190414
07825940402 -> 07649524464 1946GMT 20190414
07825940402 <- 07859651251 2029GMT 20190414
07825940402 <- 07849203593 0052GMT 20190415
07825940402 <- 07649524464 0646GMT 20190415
07825940402 <- 07824920650 0904GMT 20190415
07825940402 <- 07849203593 1034GMT 20190415
07825940402 -> 07849203593 1253GMT 20190415
07825940402 -> 07859651251 1516GMT 20190415
07825940402 <- 07849203593 1613GMT 20190415
07825940402 <- 07859651251 1818GMT 20190415
07825940402 <- 07649524464 2000GMT 20190415
07825940402 <- 07859651251 2013GMT 20190415
07825940402 -> 07859651251 2051GMT 20190415
07825940402 -> 07649524464 0428GMT 20190416
07825940402 -> 07649524464 0709GMT 20190416
07825940402 <- 07824920650 0926GMT 20190416
07825940402 <- 07849203593 1303GMT 20190416
07825940402 -> 07859651251 1853GMT 20190416
07825940402 <- 07629986333 1948GMT 20190416
07825940402 -> 07824920650 0607GMT 20190417
07825940402 -> 07649524464 1021GMT 20190417
07825940402 <- 07649524464 1136GMT 20190417
07825940402 <- 07824920650 1210GMT 20190417
07825940402 -> 07649524464 1800GMT 20190417
07825940402 -> 07629986333 0436GMT 20190418
07825940402 -> 07824920650 1009GMT 20190418
07825940402 -> 07629986333 1103GMT 20190418
07825940402 <- 07859651251 1553GMT 20190418
07825940402 <- 07849203593 1612GMT 20190418
07825940402 -> 07649524464 1708GMT 20190418
07825940402 <- 07629986333 1751GMT 20190418
07825940402 -> 07649524464 1810GMT 20190418
07825940402 -> 07824920650 1850GMT 20190418
07825940402 <- 07535963277 2115GMT 20190418
07825940402 -> 07629986333 0647GMT 20190419
07825940402 <- 07849203593 0852GMT 20190419
07825940402 -> 07849203593 1050GMT 20190419
07825940402 <- 07649524464 1256GMT 20190419
07825940402 -> 07629986333 1859GMT 20190419
07825940402 -> 07824920650 2339GMT 20190419
07825940402 -> 07849203593 0627GMT 20190420
07825940402 <- 07629986333 0717GMT 20190420
07825940402 -> 07859651251 0936GMT 20190420
07825940402 -> 07515242452 0949GMT 20190420
07825940402 <- 07515242452 1024GMT 20190420
07825940402 -> 07849203593 1208GMT 20190420
07825940402 <- 07629986333 1242GMT 20190420
07825940402 <- 07849203593 1410GMT 20190420
07825940402 -> 07629986333 1414GMT 20190420
07825940402 -> 07824920650 1445GMT 20190420
07825940402 <- 07824920650 1718GMT 20190420
07825940402 -> 07824920650 1721GMT 20190420
07825940402 <- 07849203593 1821GMT 20190420
07825940402 <- 07859651251 2017GMT 20190420
07825940402 -> 07859651251 2037GMT 20190420
07825940402 -> 07649524464 0707GMT 20190421
07825940402 -> 07649524464 0715GMT 20190421
07825940402 <- 07649524464 1530GMT 20190421
07825940402 <- 07859651251 1530GMT 20190421
07825940402 -> 07515242452 1653GMT 20190421
07825940402 -> 07629986333 1750GMT 20190421
07825940402 -> 07629986333 1840GMT 20190421
07825940402 -> 07515242452 0204GMT 20190422
07825940402 <- 07859651251 0702GMT 20190422
07825940402 <- 07515242452 0817GMT 20190422
07825940402 -> 07849203593 1151GMT 20190422
07825940402 -> 07849203593 1236GMT 20190422
07825940402 <- 07629986333 1241GMT 20190422
07825940402 -> 07859651251 1330GMT 20190422
07825940402 -> 07629986333 1332GMT 20190422
07825940402 <- 07824920650 1359GMT 20190422
07825940402 <- 07859651251 1432GMT 20190422
07825940402 -> 07824920650 1439GMT 20190422
07825940402 <- 07824920650 1522GMT 20190422
07825940402 -> 07629986333 1538GMT 20190422
07825940402 <- 07849203593 1558GMT 20190422
07825940402 <- 07825989689 1614GMT 20190422
07825940402 -> 07649524464 1858GMT 20190422
07825940402 -> 07649524464 2016GMT 20190422
07825940402 -> 07629986333 2020GMT 20190422
07825940402 <- 07859651251 0617GMT 20190423
07825940402 <- 07649524464 1143GMT 20190423
07825940402 <- 07629986333 1201GMT 20190423
07825940402 <- 07849203593 1226GMT 20190423
07825940402 -> 07629986333 1258GMT 20190423
07825940402 -> 07649524464 1410GMT 20190423
07825940402 <- 07849203593 1434GMT 20190423
07825940402 -> 07649524464 1548GMT 20190423
07825940402 <- 07629986333 2146GMT 20190423
07825940402 -> 07859651251 0732GMT 20190424
07825940402 -> 07859651251 1456GMT 20190424
07825940402 <- 07735573099 1640GMT 20190424
07825940402 <- 07649524464 1825GMT 20190424
07825940402 <- 07629986333 1910GMT 20190424
07825940402 <- 07849203593 2037GMT 20190424
07825940402 <- 07825989689 0612GMT 20190425
07825940402 -> 07849203593 0710GMT 20190425
07825940402 <- 07649524464 0920GMT 20190425
07825940402 -> 07849203593 0958GMT 20190425
07825940402 -> 07629986333 1054GMT 20190425
07825940402 <- 07824920650 1420GMT 20190425
07825940402 -> 07066830276 1422GMT 20190425
07825940402 -> 07515242452 1536GMT 20190425
07825940402 <- 07629986333 1556GMT 20190425
07825940402 -> 07849203593 1710GMT 20190425
07825940402 -> 07629986333 1848GMT 20190425
07825940402 -> 07849203593 1933GMT 20190425
07825940402 -> 07849203593 2003GMT 20190425
07825940402 -> 07824920650 0436GMT 20190426
07825940402 <- 07852078379 0641GMT 20190426
07825940402 <- 07825989689 0713GMT 20190426
07825940402 <- 07649524464 0924GMT 20190426
07825940402 <- 07824920650 0958GMT 20190426
07825940402 -> 07849203593 1246GMT 20190426
07825940402 <- 07849203593 1429GMT 20190426
07825940402 -> 07629986333 1435GMT 20190426
07825940402 <- 07629986333 1453GMT 20190426
07825940402 <- 07649524464 1500GMT 20190426
07825940402 <- 07824920650 1857GMT 20190426
07825940402 -> 07824920650 2012GMT 20190426
07825940402 <- 07649524464 2111GMT 20190426
07825940402 <- 07824920650 2352GMT 20190426
07825940402 <- 07649524464 0658GMT 20190427
07825940402 <- 07629986333 0731GMT 20190427
07825940402 <- 07629986333 0741GMT 20190427
07825940402 <- 07859651251 1800GMT 20190427
07825940402 -> 07824920650 1855GMT 20190427
07825940402 -> 07824920650 0711GMT 20190428
07825940402 -> 07859651251 0816GMT 20190428
07825940402 <- 07629986333 1158GMT 20190428
07825940402 <- 07849203593 1514GMT 20190428
07825940402 -> 07735573099 1602GMT 20190428
07825940402 -> 07849203593 1712GMT 20190428
07825940402 -> 07824920650 1752GMT 20190428
07825940402 -> 07859651251 0814GMT 20190429
07825940402 -> 07849203593 1004GMT 20190429
07825940402 <- 07629986333 1007GMT 20190429
07825940402 <- 07824920650 1053GMT 20190429
07825940402 -> 07649524464 1351GMT 20190429
07825940402 -> 07824920650 1505GMT 20190429
07825940402 -> 07629986333 1518GMT 20190429
07825940402 -> 07824920650 1546GMT 20190429
07825940402 <- 07859651251 1551GMT 20190429
07825940402 -> 07859651251 1649GMT 20190429
07825940402 <- 07824920650 1705GMT 20190429
07825940402 <- 07849203593 1938GMT 20190429
07825940402 -> 07859651251 2016GMT 20190429
07825940402 -> 07649524464 2025GMT 20190429
07825940402 -> 07649524464 2120GMT 20190429
07825940402 -> 07859651251 2153GMT 20190429
07825940402 <- 07629986333 0819GMT 20190430
07825940402 <- 07515242452 0833GMT 20190430
07825940402 <- 07629986333 0945GMT 20190430
07825940402 -> 07649524464 0959GMT 20190430
07825940402 -> 07824920650 1059GMT 20190430
07825940402 <- 07649524464 1149GMT 20190430
07825940402 -> 07824920650 1356GMT 20190430
07825940402 -> 07629986333 1439GMT 20190430
07825940402 <- 07849203593 1535GMT 20190430
07825940402 <- 07849203593 1835GMT 20190430
07825940402 -> 07629986333 1922GMT 20190430
07825940402 -> 07849203593 1927GMT 20190430
07825940402 -> 07859651251 2043GMT 20190430
07825940402 -> 07629986333 2121GMT 20190430
07825940402 <- 07824920650 0734GMT 20190501
07825940402 <- 07649524464 1255GMT 20190501
07825940402 -> 07735573099 1318GMT 20190501
07825940402 <- 07824920650 1355GMT 20190501
07825940402 <- 07629986333 1504GMT 20190501
07825940402 <- 07849203593 1636GMT 20190501
07825940402 -> 07849203593 1714GMT 20190501
07825940402 -> 07824920650 1930GMT 20190501
07825940402 -> 07649524464 2012GMT 20190501
07825940402 <- 07859651251 0625GMT 20190502
07825940402 -> 07515242452 1102GMT 20190502
07825940402 <- 07859651251 1143GMT 20190502
07825940402 <- 07849203593 1225GMT 20190502
07825940402 <- 07649524464 1426GMT 20190502
07825940402 -> 07849203593 1456GMT 20190502
07825940402 -> 07859651251 1836GMT 20190502
07825940402 <- 07824920650 1855GMT 20190502
07825940402 <- 07849203593 1940GMT 20190502
07825940402 <- 07629986333 2004GMT 20190502
07825940402 <- 07649524464 2026GMT 20190502
07825940402 <- 07824920650 2135GMT 20190502
07825940402 <- 07859651251 0635GMT 20190503
07825940402 -> 07849203593 0927GMT 20190503
07825940402 <- 07859651251 1218GMT 20190503
07825940402 <- 07859651251 1232GMT 20190503
07825940402 -> 07824920650 1301GMT 20190503
07825940402 <- 07824920650 1608GMT 20190503
07825940402 <- 07629986333 1921GMT 20190503
07825940402 <- 07735573099 0342GMT 20190504
07825940402 -> 07629986333 0635GMT 20190504
07825940402 <- 07849203593 0853GMT 20190504
07825940402 <- 07649524464 1524GMT 20190504
07825940402 -> 07859651251 1738GMT 20190504
07825940402 <- 07824920650 1752GMT 20190504
07825940402 <- 07859651251 1827GMT 20190504
07825940402 <- 07649524464 2247GMT 20190504
07825940402 <- 07515242452 0945GMT 20190505
07825940402 <- 07859651251 0945GMT 20190505
07825940402 <- 07824920650 1010GMT 20190505
07825940402 <- 07824920650 1010GMT 20190505
07825940402 -> 07629986333 1158GMT 20190505
07825940402 <- 07649524464 1252GMT 20190505
07825940402 -> 07629986333 1300GMT 20190505
07825940402 <- 07649524464 1314GMT 20190505
07825940402 -> 07629986333 1515GMT 20190505
07825940402 -> 07629986333 1755GMT 20190505
07825940402 <- 07629986333 1807GMT 20190505
07825940402 -> 07849203593 2005GMT 20190505
07825940402 -> 07649524464 2023GMT 20190505
07825940402 -> 07649524464 2041GMT 20190505
07825940402 -> 07849203593 2111GMT 20190505
07825940402 -> 07649524464 0605GMT 20190506
07825940402 <- 07849203593 0627GMT 20190506
07825940402 <- 07515242452 0934GMT 20190506
07825940402 <- 07824920650 0940GMT 20190506
07825940402 <- 07849203593 1007GMT 20190506
07825940402 -> 07629986333 1037GMT 20190506
07825940402 <- 07849203593 1121GMT 20190506
07825940402 <- 07515242452 1427GMT 20190506
07825940402 <- 07824920650 1626GMT 20190506
07825940402 -> 07849203593 1948GMT 20190506
07825940402 <- 07824920650 2043GMT 20190506
07825940402 -> 07629986333 0634GMT 20190507
07825940402 -> 07629986333 0639GMT 20190507
07825940402 <- 07859651251 1104GMT 20190507
07825940402 <- 07824920650 1205GMT 20190507
07825940402 -> 07649524464 1254GMT 20190507
07825940402 <- 07735573099 1328GMT 20190507
07825940402 -> 07649524464 1441GMT 20190507
07825940402 <- 07529517996 1512GMT 20190507
07825940402 <- 07859651251 1547GMT 20190507
07825940402 <- 07849203593 1608GMT 20190507
07825940402 <- 07849203593 1608GMT 20190507
07825940402 <- 07824920650 1612GMT 20190507
07825940402 -> 07859651251 1636GMT 20190507
07825940402 <- 07824920650 1700GMT 20190507
07825940402 -> 07849203593 1717GMT 20190507
07825940402 -> 07629986333 1755GMT 20190507
07825940402 -> 07849203593 2017GMT 20190507
07825940402 <- 07859651251 2035GMT 20190507
07825940402 -> 07824920650 2152GMT 20190507
07825940402 <- 07859651251 0600GMT 20190508
07825940402 -> 07824920650 0818GMT 20190508
07825940402 <- 07649524464 0904GMT 20190508
07825940402 <- 07859651251 1055GMT 20190508
07825940402 -> 07649524464 1208GMT 20190508
07825940402 <- 07849203593 1236GMT 20190508
07825940402 <- 07849203593 1244GMT 20190508
07825940402 <- 07378288426 1257GMT 20190508
07825940402 <- 07824920650 1304GMT 20190508
07825940402 <- 07824920650 1448GMT 20190508
07825940402 -> 07859651251 1502GMT 20190508
07825940402 <- 07849203593 1625GMT 20190508
07825940402 -> 07859651251 1646GMT 20190508
07825940402 <- 07824920650 1716GMT 20190508
07825940402 <- 07649524464 1823GMT 20190508
07825940402 <- 07825989689 1854GMT 20190508
07825940402 <- 07824920650 2001GMT 20190508
07825940402 <- 07824920650 2048GMT 20190508
07825940402 <- 07629986333 2110GMT 20190508
07825940402 <- 07649524464 0042GMT 20190509
07825940402 -> 07824920650 0655GMT 20190509
07825940402 -> 07849203593 0707GMT 20190509
07825940402 <- 07824920650 0739GMT 20190509
07825940402 <- 07849203593 0915GMT 20190509
07825940402 -> 07849203593 1130GMT 20190509
07825940402 <- 07852078379 1257GMT 20190509
07825940402 <- 07849203593 1257GMT 20190509
07825940402 -> 07859651251 1351GMT 20190509
07825940402 -> 07515242452 1621GMT 20190509
07825940402 <- 07649524464 1940GMT 20190509
07825940402 <- 07629986333 2108GMT 20190509
07825940402 -> 07649524464 0049GMT 20190510
07825940402 -> 07859651251 0651GMT 20190510
07825940402 -> 07824920650 0845GMT 20190510
07825940402 -> 07859651251 1031GMT 20190510
07825940402 <- 07094886885 1044GMT 20190510
07825940402 -> 07849203593 1229GMT 20190510
07825940402 -> 07649524464 1350GMT 20190510
07825940402 -> 07629986333 1551GMT 20190510
07825940402 -> 07649524464 1819GMT 20190510
07825940402 -> 07629986333 1827GMT 20190510
07825940402 -> 07629986333 1941GMT 20190510
07825940402 <- 07649524464 2133GMT 20190510
07825940402 <- 07649524464 0432GMT 20190511
07825940402 <- 07824920650 0627GMT 20190511
07825940402 -> 07629986333 0713GMT 20190511
07825940402 <- 07852078379 0732GMT 20190511
07825940402 <- 07649524464 1438GMT 20190511
07825940402 -> 07859651251 1459GMT 20190511
07825940402 -> 07824920650 1532GMT 20190511
07825940402 -> 07824920650 1838GMT 20190511
07825940402 <- 07859651251 1928GMT 20190511
07825940402 -> 07649524464 1936GMT 20190511
07825940402 -> 07849203593 2008GMT 20190511
07825940402 <- 07649524464 1227GMT 20190512
07825940402 -> 07859651251 1327GMT 20190512
07825940402 -> 07515242452 1341GMT 20190512
07825940402 <- 07859651251 1523GMT 20190512
07825940402 -> 07649524464 1856GMT 20190512
07825940402 <- 07629986333 1923GMT 20190512
07825940402 <- 07849203593 2124GMT 20190512
07825940402 -> 07859651251 2241GMT 20190512
07825940402 -> 07849203593 0101GMT 20190513
07825940402 <- 07649524464 0608GMT 20190513
07825940402 -> 07824920650 0649GMT 20190513
07825940402 <- 07824920650 0752GMT 20190513
07825940402 <- 07649524464 0837GMT 20190513
07825940402 -> 07859651251 0858GMT 20190513
07825940402 <- 07824920650 1013GMT 20190513
07825940402 <- 07849203593 1110GMT 20190513
07825940402 <- 07852078379 1205GMT 20190513
07825940402 -> 07849203593 1333GMT 20190513
07825940402 -> 07824920650 1441GMT 20190513
07825940402 <- 07649524464 1834GMT 20190513
07825940402 <- 07629986333 2102GMT 20190513
07825940402 -> 07824920650 2106GMT 20190513
07825940402 -> 07849203593 0713GMT 20190514
07825940402 <- 07849203593 0948GMT 20190514
07825940402 <- 07849203593 1031GMT 20190514
07825940402 <- 07849203593 1116GMT 20190514
07825940402 -> 07735573099 1247GMT 20190514
07825940402 -> 07629986333 1318GMT 20190514
07825940402 <- 07649524464 1451GMT 20190514
07825940402 <- 07735573099 1824GMT 20190514
07825940402 -> 07649524464 1844GMT 20190514
07825940402 -> 07735573099 2102GMT 20190514
07825940402 -> 07629986333 2151GMT 20190514
07825940402 -> 07849203593 2152GMT 20190514
07825940402 <- 07649524464 0634GMT 20190515
07825940402 <- 07859651251 0724GMT 20190515
07825940402 -> 07849203593 0905GMT 20190515
07825940402 -> 07649524464 1241GMT 20190515
07825940402 -> 07629986333 2014GMT 20190515
07825940402 <- 07849203593 2134GMT 20190515
07825940402 -> 07859651251 0603GMT 20190516
07825940402 -> 07824920650 0758GMT 20190516
07825940402 <- 07849203593 0903GMT 20190516
07825940402 <- 07735573099 1021GMT 20190516
07825940402 <- 07629986333 1033GMT 20190516
07825940402 <- 07649524464 1245GMT 20190516
07825940402 <- 07649524464 1608GMT 20190516
07825940402 <- 07849203593 1805GMT 20190516
07825940402 <- 07859651251 1840GMT 20190516
07825940402 <- 07824920650 2139GMT 20190516
07825940402 -> 07825989689 2154GMT 20190516
07825940402 <- 07824920650 0713GMT 20190517
07825940402 -> 07859651251 0805GMT 20190517
07825940402 <- 07849203593 0811GMT 20190517
07825940402 <- 07649524464 1542GMT 20190517
07825940402 -> 07649524464 1659GMT 20190517
07825940402 -> 07629986333 1733GMT 20190517
07825940402 <- 07824920650 1816GMT 20190517
07825940402 -> 07649524464 1822GMT 20190517
07825940402 -> 07649524464 0701GMT 20190518
07825940402 <- 07629986333 0924GMT 20190518
07825940402 <- 07824920650 0957GMT 20190518
07825940402 -> 07649524464 1134GMT 20190518
07825940402 -> 07849203593 1523GMT 20190518
07825940402 <- 07649524464 1550GMT 20190518
07825940402 -> 07859651251 1625GMT 20190518
07825940402 <- 07649524464 2022GMT 20190518
07825940402 <- 07649524464 2025GMT 20190518
07825940402 <- 07824920650 0036GMT 20190519
07825940402 <- 07849203593 0701GMT 20190519
07825940402 -> 07629986333 0809GMT 20190519
07825940402 -> 07825989689 0831GMT 20190519
07825940402 -> 07629986333 0929GMT 20190519
07825940402 <- 07849203593 0956GMT 20190519
07825940402 -> 07859651251 1000GMT 20190519
07825940402 -> 07629986333 1030GMT 20190519
07825940402 -> 07852078379 1128GMT 20190519
07825940402 <- 07649524464 1204GMT 20190519
07825940402 <- 07825989689 1354GMT 20190519
07825940402 <- 07849203593 1445GMT 20190519
07825940402 <- 07629986333 1606GMT 20190519
07825940402 -> 07649524464 1746GMT 20190519
07825940402 <- 07629986333 1853GMT 20190519
07825940402 -> 07649524464 2014GMT 20190519
07825940402 <- 07859651251 2109GMT 20190519
07825940402 <- 07629986333 2110GMT 20190519
07825940402 -> 07336924441 0511GMT 20190520
07825940402 <- 07824920650 0814GMT 20190520
07825940402 -> 07824920650 0823GMT 20190520
07825940402 -> 07849203593 0900GMT 20190520
07825940402 <- 07649524464 1117GMT 20190520
07825940402 -> 07629986333 1133GMT 20190520
07825940402 <- 07649524464 1137GMT 20190520
07825940402 <- 07859651251 1145GMT 20190520
07825940402 -> 07629986333 1152GMT 20190520
07825940402 -> 07824920650 1239GMT 20190520
07825940402 -> 07629986333 1338GMT 20190520
07825940402 -> 07849203593 1531GMT 20190520
07825940402 <- 07629986333 1559GMT 20190520
07825940402 -> 07859651251 1713GMT 20190520
07825940402 <- 07824920650 1814GMT 20190520
07825940402 <- 07649524464 1842GMT 20190520
07825940402 <- 07515242452 2125GMT 20190520
07825940402 -> 07649524464 0043GMT 20190521
07825940402 -> 07824920650 0643GMT 20190521
07825940402 <- 07849203593 0655GMT 20190521
07825940402 <- 07849203593 0749GMT 20190521
07825940402 <- 07849203593 1100GMT 20190521
07825940402 -> 07859651251 1221GMT 20190521
07825940402 <- 07629986333 1412GMT 20190521
07825940402 -> 07629986333 1449GMT 20190521
07825940402 -> 07824920650 1738GMT 20190521
07825940402 <- 07824920650 2138GMT 20190521
07825940402 <- 07859651251 0036GMT 20190522
07825940402 <- 07859651251 0536GMT 20190522
07825940402 -> 07859651251 0855GMT 20190522
07825940402 <- 07629986333 1044GMT 20190522
07825940402 -> 07849203593 1237GMT 20190522
07825940402 <- 07824920650 1834GMT 20190522
07825940402 <- 07859651251 0934GMT 20190523
07825940402 <- 07849203593 1158GMT 20190523
07825940402 <- 07629986333 1358GMT 20190523
07825940402 <- 07849203593 1542GMT 20190523
07825940402 <- 07649524464 1736GMT 20190523
07825940402 -> 07629986333 1853GMT 20190523
07825940402 -> 07629986333 2131GMT 20190523
07825940402 -> 07824920650 0703GMT 20190524
07825940402 <- 07824920650 0727GMT 20190524
07825940402 <- 07629986333 0942GMT 20190524
07825940402 -> 07825989689 1012GMT 20190524
07825940402 -> 07649524464 1126GMT 20190524
07825940402 -> 07735573099 1207GMT 20190524
07825940402 -> 07515242452 1219GMT 20190524
07825940402 -> 07849203593 1305GMT 20190524
07825940402 <- 07859651251 1312GMT 20190524
07825940402 -> 07849203593 1755GMT 20190524
07825940402 -> 07824920650 1913GMT 20190524
07825940402 -> 07629986333 0636GMT 20190525
07825940402 <- 07629986333 0720GMT 20190525
07825940402 <- 07824920650 0812GMT 20190525
07825940402 -> 07824920650 0819GMT 20190525
07825940402 -> 07849203593 0900GMT 20190525
07825940402 <- 07859651251 1207GMT 20190525
07825940402 <- 07649524464 1258GMT 20190525
07825940402 <- 07859651251 1709GMT 20190525
07825940402 -> 07629986333 1926GMT 20190525
07825940402 <- 07629986333 2013GMT 20190525
07825940402 <- 07849203593 0708GMT 20190526
07825940402 -> 07859651251 0806GMT 20190526
07825940402 <- 07629986333 1002GMT 20190526
07825940402 <- 07859651251 1931GMT 20190526
07825940402 -> 07629986333 1936GMT 20190526
07825940402 <- 07649524464 1937GMT 20190526
07825940402 <- 07672464890 1941GMT 20190526
07825940402 <- 07859651251 2021GMT 20190526
07825940402 <- 07859651251 2108GMT 20190526
07825940402 <- 07824920650 0613GMT 20190527
07825940402 <- 07629986333 0738GMT 20190527
07825940402 <- 07824920650 0904GMT 20190527
07825940402 -> 07649524464 1016GMT 20190527
07825940402 -> 07824920650 1526GMT 20190527
07825940402 <- 07824920650 1631GMT 20190527
07825940402 -> 07824920650 1818GMT 20190527
07825940402 <- 07629986333 2157GMT 20190527
07825940402 -> 07824920650 0002GMT 20190528
07825940402 -> 07824920650 0627GMT 20190528
07825940402 -> 07629986333 0649GMT 20190528
07825940402 <- 07824920650 0840GMT 20190528
07825940402 <- 07824920650 0927GMT 20190528
07825940402 -> 07849203593 0948GMT 20190528
07825940402 -> 07825695442 1230GMT 20190528
07825940402 -> 07649524464 1319GMT 20190528
07825940402 -> 07629986333 1612GMT 20190528
07825940402 -> 07859651251 2021GMT 20190528
07825940402 -> 07859651251 2151GMT 20190528
07825940402 -> 07629986333 0349GMT 20190529
07825940402 -> 07849203593 0810GMT 20190529
07825940402 -> 07649524464 0843GMT 20190529
07825940402 <- 07649524464 1103GMT 20190529
07825940402 -> 07825989689 1140GMT 20190529
07825940402 -> 07824920650 1456GMT 20190529
07825940402 <- 07859651251 1619GMT 20190529
07825940402 <- 07849203593 1642GMT 20190529
07825940402 -> 07859651251 1806GMT 20190529
07825940402 -> 07852078379 1854GMT 20190529
07825940402 <- 07515242452 1918GMT 20190529
07825940402 <- 07849203593 2107GMT 20190529
07825940402 -> 07629986333 0602GMT 20190530
07825940402 <- 07629986333 0803GMT 20190530
07825940402 <- 07629986333 0927GMT 20190530
07825940402 <- 07852078379 1021GMT 20190530
07825940402 -> 07629986333 1054GMT 20190530
07825940402 -> 07629986333 1140GMT 20190530
07825940402 -> 07849203593 1313GMT 20190530
07825940402 -> 07849203593 1543GMT 20190530
07825940402 <- 07859651251 1600GMT 20190530
07825940402 -> 07824920650 1841GMT 20190530
07825940402 <- 07649524464 2043GMT 20190530
07825940402 -> 07649524464 0649GMT 20190531
07825940402 -> 07824920650 0757GMT 20190531
07825940402 <- 07859651251 0811GMT 20190531
07825940402 -> 07629986333 0930GMT 20190531
07825940402 <- 07852078379 0950GMT 20190531
07825940402 <- 07629986333 1006GMT 20190531
07825940402 <- 07849203593 1154GMT 20190531
07825940402 <- 07649524464 1324GMT 20190531
07825940402 -> 07629986333 1404GMT 20190531
07825940402 -> 07849203593 1719GMT 20190531
07825940402 <- 07824920650 1800GMT 20190531
07825940402 -> 07824920650 1821GMT 20190531
07825940402 <- 07649524464 1933GMT 20190531
07825940402 -> 07859651251 0810GMT 20190601
07825940402 -> 07824920650 1001GMT 20190601
07825940402 -> 07824920650 1317GMT 20190601
07825940402 -> 07859651251 1400GMT 20190601
07825940402 -> 07649524464 1525GMT 20190601
07825940402 <- 07824920650 1531GMT 20190601
07825940402 <- 07649524464 1533GMT 20190601
07825940402 -> 07649524464 1750GMT 20190601
07825940402 -> 07824920650 1920GMT 20190601
07825940402 -> 07649524464 1920GMT 20190601
07825940402 -> 07849203593 1925GMT 20190601
07825940402 -> 07649524464 0616GMT 20190602
07825940402 -> 07824920650 0627GMT 20190602
07825940402 <- 07849203593 0701GMT 20190602
07825940402 -> 07649524464 0727GMT 20190602
07825940402 -> 07629986333 1003GMT 20190602
07825940402 -> 07824920650 1003GMT 20190602
07825940402 -> 07649524464 1100GMT 20190602
07825940402 <- 07824920650 1107GMT 20190602
07825940402 <- 07629986333 1208GMT 20190602
07825940402 -> 07649524464 1209GMT 20190602
07825940402 -> 07629986333 1303GMT 20190602
07825940402 -> 07852078379 1334GMT 20190602
07825940402 -> 07649524464 1514GMT 20190602
07825940402 -> 07649524464 1538GMT 20190602
07825940402 <- 07849203593 1549GMT 20190602
07825940402 <- 07824920650 2139GMT 20190602
07825940402 <- 07629986333 0618GMT 20190603
07825940402 <- 07859651251 0924GMT 20190603
07825940402 <- 07629986333 1147GMT 20190603
07825940402 <- 07859651251 1338GMT 20190603
07825940402 -> 07824920650 1342GMT 20190603
07825940402 <- 07849203593 1437GMT 20190603
07825940402 <- 07824920650 1441GMT 20190603
07825940402 <- 07824920650 1610GMT 20190603
07825940402 -> 07824920650 2015GMT 20190603
07825940402 <- 07824920650 0643GMT 20190604
07825940402 <- 07824920650 0830GMT 20190604
07825940402 <- 07515242452 0914GMT 20190604
07825940402 <- 07629986333 1340GMT 20190604
07825940402 <- 07649524464 1641GMT 20190604
07825940402 -> 07824920650 1925GMT 20190604
07825940402 -> 07824920650 2047GMT 20190604
